<?xml version="1.0" encoding="UTF-8"?>
<testsuite xmlns:xsi="http://www.w3.org/2001/XMLSchema-instance" xsi:noNamespaceSchemaLocation="https://maven.apache.org/surefire/maven-surefire-plugin/xsd/surefire-test-report.xsd" version="3.0.2" name="com.fourj.cartservice.CartServiceApplicationTests" time="33.311" tests="1" errors="0" skipped="0" failures="0">
  <properties>
[...]
</properties>
  <testcase name="contextLoads" classname="com.fourj.cartservice.CartServiceApplicationTests" time="0.894">
    <system-out><![CDATA[10:43:38.497 [main] INFO org.springframework.test.context.support.AnnotationConfigContextLoaderUtils -- Could not detect default configuration classes for test class [com.fourj.cartservice.CartServiceApplicationTests]: CartServiceApplicationTests does not declare any static, non-private, non-final, nested classes annotated with @Configuration.
10:43:38.827 [main] INFO org.springframework.boot.test.context.SpringBootTestContextBootstrapper -- Found @SpringBootConfiguration com.fourj.cartservice.CartServiceApplication for test class com.fourj.cartservice.CartServiceApplicationTests

  .   ____          _            __ _ _
 /\\ / ___'_ __ _ _(_)_ __  __ _ \ \ \ \
( ( )\___ | '_ | '_| | '_ \/ _` | \ \ \ \
 \\/  ___)| |_)| | | | | || (_| |  ) ) ) )
  '  |____| .__|_| |_|_| |_\__, | / / / /
 =========|_|==============|___/=/_/_/_/

 :: Spring Boot ::                (v3.4.4)

2025-05-08T10:43:43.117+07:00  INFO 23012 --- [cart-service] [           main] c.f.c.CartServiceApplicationTests        : Starting CartServiceApplicationTests using Java 22.0.1 with PID 23012 (started by Admin in D:\Programming\Architecture\Test02\backend\services\cart-service)
2025-05-08T10:43:43.120+07:00  INFO 23012 --- [cart-service] [           main] c.f.c.CartServiceApplicationTests        : No active profile set, falling back to 1 default profile: "default"
2025-05-08T10:43:48.034+07:00  INFO 23012 --- [cart-service] [           main] .s.d.r.c.RepositoryConfigurationDelegate : Bootstrapping Spring Data JPA repositories in DEFAULT mode.
2025-05-08T10:43:48.472+07:00  INFO 23012 --- [cart-service] [           main] .s.d.r.c.RepositoryConfigurationDelegate : Finished Spring Data repository scanning in 405 ms. Found 2 JPA repository interfaces.
2025-05-08T10:43:49.868+07:00  INFO 23012 --- [cart-service] [           main] o.s.cloud.context.scope.GenericScope     : BeanFactory id=cb60796e-013d-3816-b6e9-a5e968530b5e
2025-05-08T10:43:51.936+07:00  INFO 23012 --- [cart-service] [           main] o.hibernate.jpa.internal.util.LogHelper  : HHH000204: Processing PersistenceUnitInfo [name: default]
2025-05-08T10:43:52.153+07:00  INFO 23012 --- [cart-service] [           main] org.hibernate.Version                    : HHH000412: Hibernate ORM core version 6.6.11.Final
2025-05-08T10:43:52.278+07:00  INFO 23012 --- [cart-service] [           main] o.h.c.internal.RegionFactoryInitiator    : HHH000026: Second-level cache disabled
2025-05-08T10:43:53.113+07:00  INFO 23012 --- [cart-service] [           main] o.s.o.j.p.SpringPersistenceUnitInfo      : No LoadTimeWeaver setup: ignoring JPA class transformer
2025-05-08T10:43:53.199+07:00  INFO 23012 --- [cart-service] [           main] com.zaxxer.hikari.HikariDataSource       : HikariPool-1 - Starting...
2025-05-08T10:43:54.158+07:00  INFO 23012 --- [cart-service] [           main] com.zaxxer.hikari.pool.HikariPool        : HikariPool-1 - Added connection org.postgresql.jdbc.PgConnection@109188b4
2025-05-08T10:43:54.163+07:00  INFO 23012 --- [cart-service] [           main] com.zaxxer.hikari.HikariDataSource       : HikariPool-1 - Start completed.
2025-05-08T10:43:54.283+07:00  WARN 23012 --- [cart-service] [           main] org.hibernate.orm.deprecation            : HHH90000025: PostgreSQLDialect does not need to be specified explicitly using 'hibernate.dialect' (remove the property setting and it will be selected by default)
2025-05-08T10:43:54.400+07:00  INFO 23012 --- [cart-service] [           main] org.hibernate.orm.connections.pooling    : HHH10001005: Database info:
	Database JDBC URL [Connecting through datasource 'HikariDataSource (HikariPool-1)']
	Database driver: undefined/unknown
	Database version: 17.4
	Autocommit mode: undefined/unknown
	Isolation level: undefined/unknown
	Minimum pool size: undefined/unknown
	Maximum pool size: undefined/unknown
2025-05-08T10:43:56.879+07:00  INFO 23012 --- [cart-service] [           main] o.h.e.t.j.p.i.JtaPlatformInitiator       : HHH000489: No JTA platform available (set 'hibernate.transaction.jta.platform' to enable JTA platform integration)
2025-05-08T10:43:57.445+07:00  INFO 23012 --- [cart-service] [           main] j.LocalContainerEntityManagerFactoryBean : Initialized JPA EntityManagerFactory for persistence unit 'default'
2025-05-08T10:44:01.056+07:00  WARN 23012 --- [cart-service] [           main] JpaBaseConfiguration$JpaWebConfiguration : spring.jpa.open-in-view is enabled by default. Therefore, database queries may be performed during view rendering. Explicitly configure spring.jpa.open-in-view to disable this warning
2025-05-08T10:44:04.557+07:00  INFO 23012 --- [cart-service] [           main] o.s.cloud.commons.util.InetUtils         : Cannot determine local hostname
2025-05-08T10:44:05.611+07:00  INFO 23012 --- [cart-service] [           main] o.s.cloud.commons.util.InetUtils         : Cannot determine local hostname
2025-05-08T10:44:05.937+07:00  INFO 23012 --- [cart-service] [           main] o.s.b.a.e.web.EndpointLinksResolver      : Exposing 2 endpoints beneath base path '/actuator'
2025-05-08T10:44:09.290+07:00  INFO 23012 --- [cart-service] [           main] o.s.cloud.commons.util.InetUtils         : Cannot determine local hostname
2025-05-08T10:44:09.938+07:00  WARN 23012 --- [cart-service] [           main] iguration$LoadBalancerCaffeineWarnLogger : Spring Cloud LoadBalancer is currently working with the default cache. While this cache implementation is useful for development and tests, it's recommended to use Caffeine cache in production.You can switch to using Caffeine cache, by adding it and org.springframework.cache.caffeine.CaffeineCacheManager to the classpath.
2025-05-08T10:44:10.226+07:00  INFO 23012 --- [cart-service] [           main] c.f.c.CartServiceApplicationTests        : Started CartServiceApplicationTests in 30.446 seconds (process running for 34.71)
]]></system-out>
    <system-err><![CDATA[Mockito is currently self-attaching to enable the inline-mock-maker. This will no longer work in future releases of the JDK. Please add Mockito as an agent to your build what is described in Mockito's documentation: https://javadoc.io/doc/org.mockito/mockito-core/latest/org/mockito/Mockito.html#0.3
WARNING: A Java agent has been loaded dynamically (C:\Users\Admin\.m2\repository\net\bytebuddy\byte-buddy-agent\1.15.11\byte-buddy-agent-1.15.11.jar)
WARNING: If a serviceability tool is in use, please run with -XX:+EnableDynamicAgentLoading to hide this warning
WARNING: If a serviceability tool is not in use, please run with -Djdk.instrument.traceUsage for more information
WARNING: Dynamic loading of agents will be disallowed by default in a future release
]]></system-err>
  </testcase>
</testsuite>