<?xml version="1.0" encoding="UTF-8"?>
<testsuite xmlns:xsi="http://www.w3.org/2001/XMLSchema-instance" xsi:noNamespaceSchemaLocation="https://maven.apache.org/surefire/maven-surefire-plugin/xsd/surefire-test-report.xsd" version="3.0.2" name="com.fourj.iamservice.IamServiceApplicationTests" time="20.039" tests="1" errors="0" skipped="0" failures="0">
  <properties>
[...]
</properties>
  <testcase name="contextLoads" classname="com.fourj.iamservice.IamServiceApplicationTests" time="0.455">
    <system-out><![CDATA[16:42:12.161 [main] INFO org.springframework.test.context.support.AnnotationConfigContextLoaderUtils -- Could not detect default configuration classes for test class [com.fourj.iamservice.IamServiceApplicationTests]: IamServiceApplicationTests does not declare any static, non-private, non-final, nested classes annotated with @Configuration.
16:42:12.361 [main] INFO org.springframework.boot.test.context.SpringBootTestContextBootstrapper -- Found @SpringBootConfiguration com.fourj.iamservice.IamServiceApplication for test class com.fourj.iamservice.IamServiceApplicationTests

  .   ____          _            __ _ _
 /\\ / ___'_ __ _ _(_)_ __  __ _ \ \ \ \
( ( )\___ | '_ | '_| | '_ \/ _` | \ \ \ \
 \\/  ___)| |_)| | | | | || (_| |  ) ) ) )
  '  |____| .__|_| |_|_| |_\__, | / / / /
 =========|_|==============|___/=/_/_/_/

 :: Spring Boot ::                (v3.4.4)

2025-05-06T16:42:17.732+07:00  INFO 18580 --- [iam-service] [           main] c.f.i.IamServiceApplicationTests         : Starting IamServiceApplicationTests using Java 22.0.1 with PID 18580 (started by Admin in D:\Programming\Architecture\Test02\backend\services\IAM-service)
2025-05-06T16:42:17.732+07:00  INFO 18580 --- [iam-service] [           main] c.f.i.IamServiceApplicationTests         : No active profile set, falling back to 1 default profile: "default"
2025-05-06T16:42:19.632+07:00  INFO 18580 --- [iam-service] [           main] .s.d.r.c.RepositoryConfigurationDelegate : Bootstrapping Spring Data JPA repositories in DEFAULT mode.
2025-05-06T16:42:19.784+07:00  INFO 18580 --- [iam-service] [           main] .s.d.r.c.RepositoryConfigurationDelegate : Finished Spring Data repository scanning in 134 ms. Found 4 JPA repository interfaces.
2025-05-06T16:42:20.231+07:00  INFO 18580 --- [iam-service] [           main] o.s.cloud.context.scope.GenericScope     : BeanFactory id=889f80db-94c7-3b1e-b444-36aa4473b452
2025-05-06T16:42:21.247+07:00  INFO 18580 --- [iam-service] [           main] o.hibernate.jpa.internal.util.LogHelper  : HHH000204: Processing PersistenceUnitInfo [name: default]
2025-05-06T16:42:21.394+07:00  INFO 18580 --- [iam-service] [           main] org.hibernate.Version                    : HHH000412: Hibernate ORM core version 6.6.11.Final
2025-05-06T16:42:21.441+07:00  INFO 18580 --- [iam-service] [           main] o.h.c.internal.RegionFactoryInitiator    : HHH000026: Second-level cache disabled
2025-05-06T16:42:21.686+07:00  INFO 18580 --- [iam-service] [           main] o.s.o.j.p.SpringPersistenceUnitInfo      : No LoadTimeWeaver setup: ignoring JPA class transformer
2025-05-06T16:42:21.728+07:00  INFO 18580 --- [iam-service] [           main] com.zaxxer.hikari.HikariDataSource       : HikariPool-1 - Starting...
2025-05-06T16:42:22.752+07:00  INFO 18580 --- [iam-service] [           main] com.zaxxer.hikari.pool.HikariPool        : HikariPool-1 - Added connection org.postgresql.jdbc.PgConnection@e08d871
2025-05-06T16:42:22.753+07:00  INFO 18580 --- [iam-service] [           main] com.zaxxer.hikari.HikariDataSource       : HikariPool-1 - Start completed.
2025-05-06T16:42:22.844+07:00  WARN 18580 --- [iam-service] [           main] org.hibernate.orm.deprecation            : HHH90000025: PostgreSQLDialect does not need to be specified explicitly using 'hibernate.dialect' (remove the property setting and it will be selected by default)
2025-05-06T16:42:23.021+07:00  INFO 18580 --- [iam-service] [           main] org.hibernate.orm.connections.pooling    : HHH10001005: Database info:
	Database JDBC URL [Connecting through datasource 'HikariDataSource (HikariPool-1)']
	Database driver: undefined/unknown
	Database version: 17.4
	Autocommit mode: undefined/unknown
	Isolation level: undefined/unknown
	Minimum pool size: undefined/unknown
	Maximum pool size: undefined/unknown
2025-05-06T16:42:24.031+07:00  INFO 18580 --- [iam-service] [           main] o.h.e.t.j.p.i.JtaPlatformInitiator       : HHH000489: No JTA platform available (set 'hibernate.transaction.jta.platform' to enable JTA platform integration)
2025-05-06T16:42:25.611+07:00  INFO 18580 --- [iam-service] [           main] j.LocalContainerEntityManagerFactoryBean : Initialized JPA EntityManagerFactory for persistence unit 'default'
2025-05-06T16:42:26.639+07:00  WARN 18580 --- [iam-service] [           main] JpaBaseConfiguration$JpaWebConfiguration : spring.jpa.open-in-view is enabled by default. Therefore, database queries may be performed during view rendering. Explicitly configure spring.jpa.open-in-view to disable this warning
2025-05-06T16:42:27.995+07:00  INFO 18580 --- [iam-service] [           main] o.s.b.a.e.web.EndpointLinksResolver      : Exposing 2 endpoints beneath base path '/actuator'
2025-05-06T16:42:30.007+07:00  INFO 18580 --- [iam-service] [           main] o.s.cloud.commons.util.InetUtils         : Cannot determine local hostname
2025-05-06T16:42:31.041+07:00  INFO 18580 --- [iam-service] [           main] o.s.cloud.commons.util.InetUtils         : Cannot determine local hostname
2025-05-06T16:42:31.250+07:00  WARN 18580 --- [iam-service] [           main] iguration$LoadBalancerCaffeineWarnLogger : Spring Cloud LoadBalancer is currently working with the default cache. While this cache implementation is useful for development and tests, it's recommended to use Caffeine cache in production.You can switch to using Caffeine cache, by adding it and org.springframework.cache.caffeine.CaffeineCacheManager to the classpath.
2025-05-06T16:42:31.415+07:00  INFO 18580 --- [iam-service] [           main] c.f.i.IamServiceApplicationTests         : Started IamServiceApplicationTests in 18.543 seconds (process running for 20.426)
]]></system-out>
    <system-err><![CDATA[Mockito is currently self-attaching to enable the inline-mock-maker. This will no longer work in future releases of the JDK. Please add Mockito as an agent to your build what is described in Mockito's documentation: https://javadoc.io/doc/org.mockito/mockito-core/latest/org/mockito/Mockito.html#0.3
WARNING: A Java agent has been loaded dynamically (C:\Users\Admin\.m2\repository\net\bytebuddy\byte-buddy-agent\1.15.11\byte-buddy-agent-1.15.11.jar)
WARNING: If a serviceability tool is in use, please run with -XX:+EnableDynamicAgentLoading to hide this warning
WARNING: If a serviceability tool is not in use, please run with -Djdk.instrument.traceUsage for more information
WARNING: Dynamic loading of agents will be disallowed by default in a future release
]]></system-err>
  </testcase>
</testsuite>